Running: /usr/local/insa/Xilinx.ISE/13.4/ISE_DS/ISE/bin/lin64/unwrapped/fuse -intstyle ise -incremental -lib secureip -o /home/rassat/Bureau/4A/s2/projetsystinfo/proj_syst_info/decode_test_isim_beh.exe -prj /home/rassat/Bureau/4A/s2/projetsystinfo/proj_syst_info/decode_test_beh.prj work.decode_test 
ISim O.87xd (signature 0x8ddf5b5d)
Number of CPUs detected in this system: 4
Turning on mult-threading, number of parallel sub-compilation jobs: 8 
Determining compilation order of HDL files
Parsing VHDL file "/home/rassat/Bureau/4A/s2/projetsystinfo/proj_syst_info/decode.vhd" into library work
Parsing VHDL file "/home/rassat/Bureau/4A/s2/projetsystinfo/proj_syst_info/decode_test.vhd" into library work
Starting static elaboration
Completed static elaboration
Fuse Memory Usage: 94616 KB
Fuse CPU Usage: 900 ms
Compiling package standard
Compiling package std_logic_1164
Compiling architecture behavioral of entity decode [decode_default]
Compiling architecture behavior of entity decode_test
Time Resolution for simulation is 1ps.
Waiting for 1 sub-compilation(s) to finish...
Compiled 5 VHDL Units
Built simulation executable /home/rassat/Bureau/4A/s2/projetsystinfo/proj_syst_info/decode_test_isim_beh.exe
Fuse Memory Usage: 660336 KB
Fuse CPU Usage: 910 ms
GCC CPU Usage: 170 ms
