Terminaux inutilisés dans la grammaire

   tDIFF
   tRETURN
   tCONST
   tS
   tERROR


État 52 conflits: 1 décalage/réduction
État 76 conflits: 5 décalage/réduction
État 77 conflits: 5 décalage/réduction
État 78 conflits: 9 décalage/réduction
État 79 conflits: 9 décalage/réduction
État 80 conflits: 9 décalage/réduction
État 81 conflits: 9 décalage/réduction
État 82 conflits: 9 décalage/réduction
État 83 conflits: 5 décalage/réduction
État 84 conflits: 5 décalage/réduction


Grammaire

    0 $accept: start $end

    1 start: Fonctions

    2 Fonctions: Fonction Fonctions
    3          | Fonction

    4 Fonction: Type tVAR tPARO Args tPARF Body

    5 Type: tVOID
    6     | tINT
    7     | tSTRING

    8 Args: Type tVAR tVIRG Args
    9     | Type tVAR
   10     | %empty

   11 $@1: %empty

   12 Body: tACCO $@1 Content tACCF

   13 Content: Decla Content
   14        | Afect Content
   15        | If Content
   16        | While Content
   17        | Printf Content
   18        | %empty

   19 Afect: tVAR tAFFECT tNB tPV
   20      | tVAR tAFFECT Exp tPV

   21 Decla: Type ListVars tPV

   22 ListVars: Var SuiteListVars
   23         | Var

   24 SuiteListVars: tVIRG Var SuiteListVars
   25              | tVIRG Var

   26 Var: tVAR tAFFECT Exp
   27    | tVAR

   28 Exp: Exp tMUL Exp
   29    | Exp tDIV Exp
   30    | Exp tPLUS Exp
   31    | Exp tLESS Exp
   32    | Exp tEQUIV Exp
   33    | Exp tINF Exp
   34    | Exp tINFEQ Exp
   35    | Exp tSUP Exp
   36    | Exp tSUPEQ Exp
   37    | Value
   38    | tPARO Exp tPARF

   39 Value: tVAR
   40      | tNB

   41 XIF: %empty

   42 If: tIF tPARO Exp tPARF XIF Body

   43 $@2: %empty

   44 If: tIF tPARO Exp tPARF XIF Body tELSE $@2 Body

   45 $@3: %empty

   46 $@4: %empty

   47 While: tWHILE $@3 tPARO Exp tPARF $@4 Body

   48 Printf: tPRINTF tPARO tVAR tPARF tPV


Terminaux, suivis des règles où ils apparaissent

$end (0) 0
error (256)
tIF (258) 42 44
tELSE (259) 44
tWHILE (260) 47
tPLUS (261) 30
tLESS (262) 31
tAFFECT (263) 19 20 26
tEQUIV (264) 32
tDIFF (265)
tSUP (266) 35
tINF (267) 33
tSUPEQ (268) 36
tINFEQ (269) 34
tMUL (270) 28
tDIV (271) 29
tPARO (272) 4 38 42 44 47 48
tPARF (273) 4 38 42 44 47 48
tACCO (274) 12
tACCF (275) 12
tPV (276) 19 20 21 48
tVIRG (277) 8 24 25
tVOID (278) 5
tRETURN (279)
tPRINTF (280) 48
tCONST (281)
tINT (282) 6
tSTRING (283) 7
tVAR (284) 4 8 9 19 20 26 27 39 48
tNB (285) 19 40
tS (286)
tERROR (287)
tIFX (288)


Non-terminaux, suivis des règles où ils apparaissent

$accept (34)
    à gauche: 0
start (35)
    à gauche: 1, à droite: 0
Fonctions (36)
    à gauche: 2 3, à droite: 1 2
Fonction (37)
    à gauche: 4, à droite: 2 3
Type (38)
    à gauche: 5 6 7, à droite: 4 8 9 21
Args (39)
    à gauche: 8 9 10, à droite: 4 8
Body (40)
    à gauche: 12, à droite: 4 42 44 47
$@1 (41)
    à gauche: 11, à droite: 12
Content (42)
    à gauche: 13 14 15 16 17 18, à droite: 12 13 14 15 16 17
Afect (43)
    à gauche: 19 20, à droite: 14
Decla (44)
    à gauche: 21, à droite: 13
ListVars (45)
    à gauche: 22 23, à droite: 21
SuiteListVars (46)
    à gauche: 24 25, à droite: 22 24
Var (47)
    à gauche: 26 27, à droite: 22 23 24 25
Exp (48)
    à gauche: 28 29 30 31 32 33 34 35 36 37 38, à droite: 20 26 28
    29 30 31 32 33 34 35 36 38 42 44 47
Value (49)
    à gauche: 39 40, à droite: 37
XIF (50)
    à gauche: 41, à droite: 42 44
If (51)
    à gauche: 42 44, à droite: 15
$@2 (52)
    à gauche: 43, à droite: 44
While (53)
    à gauche: 47, à droite: 16
$@3 (54)
    à gauche: 45, à droite: 47
$@4 (55)
    à gauche: 46, à droite: 47
Printf (56)
    à gauche: 48, à droite: 17


État 0

    0 $accept: . start $end

    tVOID    décalage et aller à l'état 1
    tINT     décalage et aller à l'état 2
    tSTRING  décalage et aller à l'état 3

    start      aller à l'état 4
    Fonctions  aller à l'état 5
    Fonction   aller à l'état 6
    Type       aller à l'état 7


État 1

    5 Type: tVOID .

    $défaut  réduction par utilisation de la règle 5 (Type)


État 2

    6 Type: tINT .

    $défaut  réduction par utilisation de la règle 6 (Type)


État 3

    7 Type: tSTRING .

    $défaut  réduction par utilisation de la règle 7 (Type)


État 4

    0 $accept: start . $end

    $end  décalage et aller à l'état 8


État 5

    1 start: Fonctions .

    $défaut  réduction par utilisation de la règle 1 (start)


État 6

    2 Fonctions: Fonction . Fonctions
    3          | Fonction .

    tVOID    décalage et aller à l'état 1
    tINT     décalage et aller à l'état 2
    tSTRING  décalage et aller à l'état 3

    $défaut  réduction par utilisation de la règle 3 (Fonctions)

    Fonctions  aller à l'état 9
    Fonction   aller à l'état 6
    Type       aller à l'état 7


État 7

    4 Fonction: Type . tVAR tPARO Args tPARF Body

    tVAR  décalage et aller à l'état 10


État 8

    0 $accept: start $end .

    $défaut  accepter


État 9

    2 Fonctions: Fonction Fonctions .

    $défaut  réduction par utilisation de la règle 2 (Fonctions)


État 10

    4 Fonction: Type tVAR . tPARO Args tPARF Body

    tPARO  décalage et aller à l'état 11


État 11

    4 Fonction: Type tVAR tPARO . Args tPARF Body

    tVOID    décalage et aller à l'état 1
    tINT     décalage et aller à l'état 2
    tSTRING  décalage et aller à l'état 3

    $défaut  réduction par utilisation de la règle 10 (Args)

    Type  aller à l'état 12
    Args  aller à l'état 13


État 12

    8 Args: Type . tVAR tVIRG Args
    9     | Type . tVAR

    tVAR  décalage et aller à l'état 14


État 13

    4 Fonction: Type tVAR tPARO Args . tPARF Body

    tPARF  décalage et aller à l'état 15


État 14

    8 Args: Type tVAR . tVIRG Args
    9     | Type tVAR .

    tVIRG  décalage et aller à l'état 16

    $défaut  réduction par utilisation de la règle 9 (Args)


État 15

    4 Fonction: Type tVAR tPARO Args tPARF . Body

    tACCO  décalage et aller à l'état 17

    Body  aller à l'état 18


État 16

    8 Args: Type tVAR tVIRG . Args

    tVOID    décalage et aller à l'état 1
    tINT     décalage et aller à l'état 2
    tSTRING  décalage et aller à l'état 3

    $défaut  réduction par utilisation de la règle 10 (Args)

    Type  aller à l'état 12
    Args  aller à l'état 19


État 17

   12 Body: tACCO . $@1 Content tACCF

    $défaut  réduction par utilisation de la règle 11 ($@1)

    $@1  aller à l'état 20


État 18

    4 Fonction: Type tVAR tPARO Args tPARF Body .

    $défaut  réduction par utilisation de la règle 4 (Fonction)


État 19

    8 Args: Type tVAR tVIRG Args .

    $défaut  réduction par utilisation de la règle 8 (Args)


État 20

   12 Body: tACCO $@1 . Content tACCF

    tIF      décalage et aller à l'état 21
    tWHILE   décalage et aller à l'état 22
    tVOID    décalage et aller à l'état 1
    tPRINTF  décalage et aller à l'état 23
    tINT     décalage et aller à l'état 2
    tSTRING  décalage et aller à l'état 3
    tVAR     décalage et aller à l'état 24

    $défaut  réduction par utilisation de la règle 18 (Content)

    Type     aller à l'état 25
    Content  aller à l'état 26
    Afect    aller à l'état 27
    Decla    aller à l'état 28
    If       aller à l'état 29
    While    aller à l'état 30
    Printf   aller à l'état 31


État 21

   42 If: tIF . tPARO Exp tPARF XIF Body
   44   | tIF . tPARO Exp tPARF XIF Body tELSE $@2 Body

    tPARO  décalage et aller à l'état 32


État 22

   47 While: tWHILE . $@3 tPARO Exp tPARF $@4 Body

    $défaut  réduction par utilisation de la règle 45 ($@3)

    $@3  aller à l'état 33


État 23

   48 Printf: tPRINTF . tPARO tVAR tPARF tPV

    tPARO  décalage et aller à l'état 34


État 24

   19 Afect: tVAR . tAFFECT tNB tPV
   20      | tVAR . tAFFECT Exp tPV

    tAFFECT  décalage et aller à l'état 35


État 25

   21 Decla: Type . ListVars tPV

    tVAR  décalage et aller à l'état 36

    ListVars  aller à l'état 37
    Var       aller à l'état 38


État 26

   12 Body: tACCO $@1 Content . tACCF

    tACCF  décalage et aller à l'état 39


État 27

   14 Content: Afect . Content

    tIF      décalage et aller à l'état 21
    tWHILE   décalage et aller à l'état 22
    tVOID    décalage et aller à l'état 1
    tPRINTF  décalage et aller à l'état 23
    tINT     décalage et aller à l'état 2
    tSTRING  décalage et aller à l'état 3
    tVAR     décalage et aller à l'état 24

    $défaut  réduction par utilisation de la règle 18 (Content)

    Type     aller à l'état 25
    Content  aller à l'état 40
    Afect    aller à l'état 27
    Decla    aller à l'état 28
    If       aller à l'état 29
    While    aller à l'état 30
    Printf   aller à l'état 31


État 28

   13 Content: Decla . Content

    tIF      décalage et aller à l'état 21
    tWHILE   décalage et aller à l'état 22
    tVOID    décalage et aller à l'état 1
    tPRINTF  décalage et aller à l'état 23
    tINT     décalage et aller à l'état 2
    tSTRING  décalage et aller à l'état 3
    tVAR     décalage et aller à l'état 24

    $défaut  réduction par utilisation de la règle 18 (Content)

    Type     aller à l'état 25
    Content  aller à l'état 41
    Afect    aller à l'état 27
    Decla    aller à l'état 28
    If       aller à l'état 29
    While    aller à l'état 30
    Printf   aller à l'état 31


État 29

   15 Content: If . Content

    tIF      décalage et aller à l'état 21
    tWHILE   décalage et aller à l'état 22
    tVOID    décalage et aller à l'état 1
    tPRINTF  décalage et aller à l'état 23
    tINT     décalage et aller à l'état 2
    tSTRING  décalage et aller à l'état 3
    tVAR     décalage et aller à l'état 24

    $défaut  réduction par utilisation de la règle 18 (Content)

    Type     aller à l'état 25
    Content  aller à l'état 42
    Afect    aller à l'état 27
    Decla    aller à l'état 28
    If       aller à l'état 29
    While    aller à l'état 30
    Printf   aller à l'état 31


État 30

   16 Content: While . Content

    tIF      décalage et aller à l'état 21
    tWHILE   décalage et aller à l'état 22
    tVOID    décalage et aller à l'état 1
    tPRINTF  décalage et aller à l'état 23
    tINT     décalage et aller à l'état 2
    tSTRING  décalage et aller à l'état 3
    tVAR     décalage et aller à l'état 24

    $défaut  réduction par utilisation de la règle 18 (Content)

    Type     aller à l'état 25
    Content  aller à l'état 43
    Afect    aller à l'état 27
    Decla    aller à l'état 28
    If       aller à l'état 29
    While    aller à l'état 30
    Printf   aller à l'état 31


État 31

   17 Content: Printf . Content

    tIF      décalage et aller à l'état 21
    tWHILE   décalage et aller à l'état 22
    tVOID    décalage et aller à l'état 1
    tPRINTF  décalage et aller à l'état 23
    tINT     décalage et aller à l'état 2
    tSTRING  décalage et aller à l'état 3
    tVAR     décalage et aller à l'état 24

    $défaut  réduction par utilisation de la règle 18 (Content)

    Type     aller à l'état 25
    Content  aller à l'état 44
    Afect    aller à l'état 27
    Decla    aller à l'état 28
    If       aller à l'état 29
    While    aller à l'état 30
    Printf   aller à l'état 31


État 32

   42 If: tIF tPARO . Exp tPARF XIF Body
   44   | tIF tPARO . Exp tPARF XIF Body tELSE $@2 Body

    tPARO  décalage et aller à l'état 45
    tVAR   décalage et aller à l'état 46
    tNB    décalage et aller à l'état 47

    Exp    aller à l'état 48
    Value  aller à l'état 49


État 33

   47 While: tWHILE $@3 . tPARO Exp tPARF $@4 Body

    tPARO  décalage et aller à l'état 50


État 34

   48 Printf: tPRINTF tPARO . tVAR tPARF tPV

    tVAR  décalage et aller à l'état 51


État 35

   19 Afect: tVAR tAFFECT . tNB tPV
   20      | tVAR tAFFECT . Exp tPV

    tPARO  décalage et aller à l'état 45
    tVAR   décalage et aller à l'état 46
    tNB    décalage et aller à l'état 52

    Exp    aller à l'état 53
    Value  aller à l'état 49


État 36

   26 Var: tVAR . tAFFECT Exp
   27    | tVAR .

    tAFFECT  décalage et aller à l'état 54

    $défaut  réduction par utilisation de la règle 27 (Var)


État 37

   21 Decla: Type ListVars . tPV

    tPV  décalage et aller à l'état 55


État 38

   22 ListVars: Var . SuiteListVars
   23         | Var .

    tVIRG  décalage et aller à l'état 56

    $défaut  réduction par utilisation de la règle 23 (ListVars)

    SuiteListVars  aller à l'état 57


État 39

   12 Body: tACCO $@1 Content tACCF .

    $défaut  réduction par utilisation de la règle 12 (Body)


État 40

   14 Content: Afect Content .

    $défaut  réduction par utilisation de la règle 14 (Content)


État 41

   13 Content: Decla Content .

    $défaut  réduction par utilisation de la règle 13 (Content)


État 42

   15 Content: If Content .

    $défaut  réduction par utilisation de la règle 15 (Content)


État 43

   16 Content: While Content .

    $défaut  réduction par utilisation de la règle 16 (Content)


État 44

   17 Content: Printf Content .

    $défaut  réduction par utilisation de la règle 17 (Content)


État 45

   38 Exp: tPARO . Exp tPARF

    tPARO  décalage et aller à l'état 45
    tVAR   décalage et aller à l'état 46
    tNB    décalage et aller à l'état 47

    Exp    aller à l'état 58
    Value  aller à l'état 49


État 46

   39 Value: tVAR .

    $défaut  réduction par utilisation de la règle 39 (Value)


État 47

   40 Value: tNB .

    $défaut  réduction par utilisation de la règle 40 (Value)


État 48

   28 Exp: Exp . tMUL Exp
   29    | Exp . tDIV Exp
   30    | Exp . tPLUS Exp
   31    | Exp . tLESS Exp
   32    | Exp . tEQUIV Exp
   33    | Exp . tINF Exp
   34    | Exp . tINFEQ Exp
   35    | Exp . tSUP Exp
   36    | Exp . tSUPEQ Exp
   42 If: tIF tPARO Exp . tPARF XIF Body
   44   | tIF tPARO Exp . tPARF XIF Body tELSE $@2 Body

    tPLUS   décalage et aller à l'état 59
    tLESS   décalage et aller à l'état 60
    tEQUIV  décalage et aller à l'état 61
    tSUP    décalage et aller à l'état 62
    tINF    décalage et aller à l'état 63
    tSUPEQ  décalage et aller à l'état 64
    tINFEQ  décalage et aller à l'état 65
    tMUL    décalage et aller à l'état 66
    tDIV    décalage et aller à l'état 67
    tPARF   décalage et aller à l'état 68


État 49

   37 Exp: Value .

    $défaut  réduction par utilisation de la règle 37 (Exp)


État 50

   47 While: tWHILE $@3 tPARO . Exp tPARF $@4 Body

    tPARO  décalage et aller à l'état 45
    tVAR   décalage et aller à l'état 46
    tNB    décalage et aller à l'état 47

    Exp    aller à l'état 69
    Value  aller à l'état 49


État 51

   48 Printf: tPRINTF tPARO tVAR . tPARF tPV

    tPARF  décalage et aller à l'état 70


État 52

   19 Afect: tVAR tAFFECT tNB . tPV
   40 Value: tNB .

    tPV  décalage et aller à l'état 71

    tPV       [réduction par utilisation de la règle 40 (Value)]
    $défaut  réduction par utilisation de la règle 40 (Value)


État 53

   20 Afect: tVAR tAFFECT Exp . tPV
   28 Exp: Exp . tMUL Exp
   29    | Exp . tDIV Exp
   30    | Exp . tPLUS Exp
   31    | Exp . tLESS Exp
   32    | Exp . tEQUIV Exp
   33    | Exp . tINF Exp
   34    | Exp . tINFEQ Exp
   35    | Exp . tSUP Exp
   36    | Exp . tSUPEQ Exp

    tPLUS   décalage et aller à l'état 59
    tLESS   décalage et aller à l'état 60
    tEQUIV  décalage et aller à l'état 61
    tSUP    décalage et aller à l'état 62
    tINF    décalage et aller à l'état 63
    tSUPEQ  décalage et aller à l'état 64
    tINFEQ  décalage et aller à l'état 65
    tMUL    décalage et aller à l'état 66
    tDIV    décalage et aller à l'état 67
    tPV     décalage et aller à l'état 72


État 54

   26 Var: tVAR tAFFECT . Exp

    tPARO  décalage et aller à l'état 45
    tVAR   décalage et aller à l'état 46
    tNB    décalage et aller à l'état 47

    Exp    aller à l'état 73
    Value  aller à l'état 49


État 55

   21 Decla: Type ListVars tPV .

    $défaut  réduction par utilisation de la règle 21 (Decla)


État 56

   24 SuiteListVars: tVIRG . Var SuiteListVars
   25              | tVIRG . Var

    tVAR  décalage et aller à l'état 36

    Var  aller à l'état 74


État 57

   22 ListVars: Var SuiteListVars .

    $défaut  réduction par utilisation de la règle 22 (ListVars)


État 58

   28 Exp: Exp . tMUL Exp
   29    | Exp . tDIV Exp
   30    | Exp . tPLUS Exp
   31    | Exp . tLESS Exp
   32    | Exp . tEQUIV Exp
   33    | Exp . tINF Exp
   34    | Exp . tINFEQ Exp
   35    | Exp . tSUP Exp
   36    | Exp . tSUPEQ Exp
   38    | tPARO Exp . tPARF

    tPLUS   décalage et aller à l'état 59
    tLESS   décalage et aller à l'état 60
    tEQUIV  décalage et aller à l'état 61
    tSUP    décalage et aller à l'état 62
    tINF    décalage et aller à l'état 63
    tSUPEQ  décalage et aller à l'état 64
    tINFEQ  décalage et aller à l'état 65
    tMUL    décalage et aller à l'état 66
    tDIV    décalage et aller à l'état 67
    tPARF   décalage et aller à l'état 75


État 59

   30 Exp: Exp tPLUS . Exp

    tPARO  décalage et aller à l'état 45
    tVAR   décalage et aller à l'état 46
    tNB    décalage et aller à l'état 47

    Exp    aller à l'état 76
    Value  aller à l'état 49


État 60

   31 Exp: Exp tLESS . Exp

    tPARO  décalage et aller à l'état 45
    tVAR   décalage et aller à l'état 46
    tNB    décalage et aller à l'état 47

    Exp    aller à l'état 77
    Value  aller à l'état 49


État 61

   32 Exp: Exp tEQUIV . Exp

    tPARO  décalage et aller à l'état 45
    tVAR   décalage et aller à l'état 46
    tNB    décalage et aller à l'état 47

    Exp    aller à l'état 78
    Value  aller à l'état 49


État 62

   35 Exp: Exp tSUP . Exp

    tPARO  décalage et aller à l'état 45
    tVAR   décalage et aller à l'état 46
    tNB    décalage et aller à l'état 47

    Exp    aller à l'état 79
    Value  aller à l'état 49


État 63

   33 Exp: Exp tINF . Exp

    tPARO  décalage et aller à l'état 45
    tVAR   décalage et aller à l'état 46
    tNB    décalage et aller à l'état 47

    Exp    aller à l'état 80
    Value  aller à l'état 49


État 64

   36 Exp: Exp tSUPEQ . Exp

    tPARO  décalage et aller à l'état 45
    tVAR   décalage et aller à l'état 46
    tNB    décalage et aller à l'état 47

    Exp    aller à l'état 81
    Value  aller à l'état 49


État 65

   34 Exp: Exp tINFEQ . Exp

    tPARO  décalage et aller à l'état 45
    tVAR   décalage et aller à l'état 46
    tNB    décalage et aller à l'état 47

    Exp    aller à l'état 82
    Value  aller à l'état 49


État 66

   28 Exp: Exp tMUL . Exp

    tPARO  décalage et aller à l'état 45
    tVAR   décalage et aller à l'état 46
    tNB    décalage et aller à l'état 47

    Exp    aller à l'état 83
    Value  aller à l'état 49


État 67

   29 Exp: Exp tDIV . Exp

    tPARO  décalage et aller à l'état 45
    tVAR   décalage et aller à l'état 46
    tNB    décalage et aller à l'état 47

    Exp    aller à l'état 84
    Value  aller à l'état 49


État 68

   42 If: tIF tPARO Exp tPARF . XIF Body
   44   | tIF tPARO Exp tPARF . XIF Body tELSE $@2 Body

    $défaut  réduction par utilisation de la règle 41 (XIF)

    XIF  aller à l'état 85


État 69

   28 Exp: Exp . tMUL Exp
   29    | Exp . tDIV Exp
   30    | Exp . tPLUS Exp
   31    | Exp . tLESS Exp
   32    | Exp . tEQUIV Exp
   33    | Exp . tINF Exp
   34    | Exp . tINFEQ Exp
   35    | Exp . tSUP Exp
   36    | Exp . tSUPEQ Exp
   47 While: tWHILE $@3 tPARO Exp . tPARF $@4 Body

    tPLUS   décalage et aller à l'état 59
    tLESS   décalage et aller à l'état 60
    tEQUIV  décalage et aller à l'état 61
    tSUP    décalage et aller à l'état 62
    tINF    décalage et aller à l'état 63
    tSUPEQ  décalage et aller à l'état 64
    tINFEQ  décalage et aller à l'état 65
    tMUL    décalage et aller à l'état 66
    tDIV    décalage et aller à l'état 67
    tPARF   décalage et aller à l'état 86


État 70

   48 Printf: tPRINTF tPARO tVAR tPARF . tPV

    tPV  décalage et aller à l'état 87


État 71

   19 Afect: tVAR tAFFECT tNB tPV .

    $défaut  réduction par utilisation de la règle 19 (Afect)


État 72

   20 Afect: tVAR tAFFECT Exp tPV .

    $défaut  réduction par utilisation de la règle 20 (Afect)


État 73

   26 Var: tVAR tAFFECT Exp .
   28 Exp: Exp . tMUL Exp
   29    | Exp . tDIV Exp
   30    | Exp . tPLUS Exp
   31    | Exp . tLESS Exp
   32    | Exp . tEQUIV Exp
   33    | Exp . tINF Exp
   34    | Exp . tINFEQ Exp
   35    | Exp . tSUP Exp
   36    | Exp . tSUPEQ Exp

    tPLUS   décalage et aller à l'état 59
    tLESS   décalage et aller à l'état 60
    tEQUIV  décalage et aller à l'état 61
    tSUP    décalage et aller à l'état 62
    tINF    décalage et aller à l'état 63
    tSUPEQ  décalage et aller à l'état 64
    tINFEQ  décalage et aller à l'état 65
    tMUL    décalage et aller à l'état 66
    tDIV    décalage et aller à l'état 67

    $défaut  réduction par utilisation de la règle 26 (Var)


État 74

   24 SuiteListVars: tVIRG Var . SuiteListVars
   25              | tVIRG Var .

    tVIRG  décalage et aller à l'état 56

    $défaut  réduction par utilisation de la règle 25 (SuiteListVars)

    SuiteListVars  aller à l'état 88


État 75

   38 Exp: tPARO Exp tPARF .

    $défaut  réduction par utilisation de la règle 38 (Exp)


État 76

   28 Exp: Exp . tMUL Exp
   29    | Exp . tDIV Exp
   30    | Exp . tPLUS Exp
   30    | Exp tPLUS Exp .
   31    | Exp . tLESS Exp
   32    | Exp . tEQUIV Exp
   33    | Exp . tINF Exp
   34    | Exp . tINFEQ Exp
   35    | Exp . tSUP Exp
   36    | Exp . tSUPEQ Exp

    tEQUIV  décalage et aller à l'état 61
    tSUP    décalage et aller à l'état 62
    tINF    décalage et aller à l'état 63
    tSUPEQ  décalage et aller à l'état 64
    tINFEQ  décalage et aller à l'état 65
    tMUL    décalage et aller à l'état 66
    tDIV    décalage et aller à l'état 67

    tEQUIV    [réduction par utilisation de la règle 30 (Exp)]
    tSUP      [réduction par utilisation de la règle 30 (Exp)]
    tINF      [réduction par utilisation de la règle 30 (Exp)]
    tSUPEQ    [réduction par utilisation de la règle 30 (Exp)]
    tINFEQ    [réduction par utilisation de la règle 30 (Exp)]
    $défaut  réduction par utilisation de la règle 30 (Exp)


État 77

   28 Exp: Exp . tMUL Exp
   29    | Exp . tDIV Exp
   30    | Exp . tPLUS Exp
   31    | Exp . tLESS Exp
   31    | Exp tLESS Exp .
   32    | Exp . tEQUIV Exp
   33    | Exp . tINF Exp
   34    | Exp . tINFEQ Exp
   35    | Exp . tSUP Exp
   36    | Exp . tSUPEQ Exp

    tEQUIV  décalage et aller à l'état 61
    tSUP    décalage et aller à l'état 62
    tINF    décalage et aller à l'état 63
    tSUPEQ  décalage et aller à l'état 64
    tINFEQ  décalage et aller à l'état 65
    tMUL    décalage et aller à l'état 66
    tDIV    décalage et aller à l'état 67

    tEQUIV    [réduction par utilisation de la règle 31 (Exp)]
    tSUP      [réduction par utilisation de la règle 31 (Exp)]
    tINF      [réduction par utilisation de la règle 31 (Exp)]
    tSUPEQ    [réduction par utilisation de la règle 31 (Exp)]
    tINFEQ    [réduction par utilisation de la règle 31 (Exp)]
    $défaut  réduction par utilisation de la règle 31 (Exp)


État 78

   28 Exp: Exp . tMUL Exp
   29    | Exp . tDIV Exp
   30    | Exp . tPLUS Exp
   31    | Exp . tLESS Exp
   32    | Exp . tEQUIV Exp
   32    | Exp tEQUIV Exp .
   33    | Exp . tINF Exp
   34    | Exp . tINFEQ Exp
   35    | Exp . tSUP Exp
   36    | Exp . tSUPEQ Exp

    tPLUS   décalage et aller à l'état 59
    tLESS   décalage et aller à l'état 60
    tEQUIV  décalage et aller à l'état 61
    tSUP    décalage et aller à l'état 62
    tINF    décalage et aller à l'état 63
    tSUPEQ  décalage et aller à l'état 64
    tINFEQ  décalage et aller à l'état 65
    tMUL    décalage et aller à l'état 66
    tDIV    décalage et aller à l'état 67

    tPLUS     [réduction par utilisation de la règle 32 (Exp)]
    tLESS     [réduction par utilisation de la règle 32 (Exp)]
    tEQUIV    [réduction par utilisation de la règle 32 (Exp)]
    tSUP      [réduction par utilisation de la règle 32 (Exp)]
    tINF      [réduction par utilisation de la règle 32 (Exp)]
    tSUPEQ    [réduction par utilisation de la règle 32 (Exp)]
    tINFEQ    [réduction par utilisation de la règle 32 (Exp)]
    tMUL      [réduction par utilisation de la règle 32 (Exp)]
    tDIV      [réduction par utilisation de la règle 32 (Exp)]
    $défaut  réduction par utilisation de la règle 32 (Exp)


État 79

   28 Exp: Exp . tMUL Exp
   29    | Exp . tDIV Exp
   30    | Exp . tPLUS Exp
   31    | Exp . tLESS Exp
   32    | Exp . tEQUIV Exp
   33    | Exp . tINF Exp
   34    | Exp . tINFEQ Exp
   35    | Exp . tSUP Exp
   35    | Exp tSUP Exp .
   36    | Exp . tSUPEQ Exp

    tPLUS   décalage et aller à l'état 59
    tLESS   décalage et aller à l'état 60
    tEQUIV  décalage et aller à l'état 61
    tSUP    décalage et aller à l'état 62
    tINF    décalage et aller à l'état 63
    tSUPEQ  décalage et aller à l'état 64
    tINFEQ  décalage et aller à l'état 65
    tMUL    décalage et aller à l'état 66
    tDIV    décalage et aller à l'état 67

    tPLUS     [réduction par utilisation de la règle 35 (Exp)]
    tLESS     [réduction par utilisation de la règle 35 (Exp)]
    tEQUIV    [réduction par utilisation de la règle 35 (Exp)]
    tSUP      [réduction par utilisation de la règle 35 (Exp)]
    tINF      [réduction par utilisation de la règle 35 (Exp)]
    tSUPEQ    [réduction par utilisation de la règle 35 (Exp)]
    tINFEQ    [réduction par utilisation de la règle 35 (Exp)]
    tMUL      [réduction par utilisation de la règle 35 (Exp)]
    tDIV      [réduction par utilisation de la règle 35 (Exp)]
    $défaut  réduction par utilisation de la règle 35 (Exp)


État 80

   28 Exp: Exp . tMUL Exp
   29    | Exp . tDIV Exp
   30    | Exp . tPLUS Exp
   31    | Exp . tLESS Exp
   32    | Exp . tEQUIV Exp
   33    | Exp . tINF Exp
   33    | Exp tINF Exp .
   34    | Exp . tINFEQ Exp
   35    | Exp . tSUP Exp
   36    | Exp . tSUPEQ Exp

    tPLUS   décalage et aller à l'état 59
    tLESS   décalage et aller à l'état 60
    tEQUIV  décalage et aller à l'état 61
    tSUP    décalage et aller à l'état 62
    tINF    décalage et aller à l'état 63
    tSUPEQ  décalage et aller à l'état 64
    tINFEQ  décalage et aller à l'état 65
    tMUL    décalage et aller à l'état 66
    tDIV    décalage et aller à l'état 67

    tPLUS     [réduction par utilisation de la règle 33 (Exp)]
    tLESS     [réduction par utilisation de la règle 33 (Exp)]
    tEQUIV    [réduction par utilisation de la règle 33 (Exp)]
    tSUP      [réduction par utilisation de la règle 33 (Exp)]
    tINF      [réduction par utilisation de la règle 33 (Exp)]
    tSUPEQ    [réduction par utilisation de la règle 33 (Exp)]
    tINFEQ    [réduction par utilisation de la règle 33 (Exp)]
    tMUL      [réduction par utilisation de la règle 33 (Exp)]
    tDIV      [réduction par utilisation de la règle 33 (Exp)]
    $défaut  réduction par utilisation de la règle 33 (Exp)


État 81

   28 Exp: Exp . tMUL Exp
   29    | Exp . tDIV Exp
   30    | Exp . tPLUS Exp
   31    | Exp . tLESS Exp
   32    | Exp . tEQUIV Exp
   33    | Exp . tINF Exp
   34    | Exp . tINFEQ Exp
   35    | Exp . tSUP Exp
   36    | Exp . tSUPEQ Exp
   36    | Exp tSUPEQ Exp .

    tPLUS   décalage et aller à l'état 59
    tLESS   décalage et aller à l'état 60
    tEQUIV  décalage et aller à l'état 61
    tSUP    décalage et aller à l'état 62
    tINF    décalage et aller à l'état 63
    tSUPEQ  décalage et aller à l'état 64
    tINFEQ  décalage et aller à l'état 65
    tMUL    décalage et aller à l'état 66
    tDIV    décalage et aller à l'état 67

    tPLUS     [réduction par utilisation de la règle 36 (Exp)]
    tLESS     [réduction par utilisation de la règle 36 (Exp)]
    tEQUIV    [réduction par utilisation de la règle 36 (Exp)]
    tSUP      [réduction par utilisation de la règle 36 (Exp)]
    tINF      [réduction par utilisation de la règle 36 (Exp)]
    tSUPEQ    [réduction par utilisation de la règle 36 (Exp)]
    tINFEQ    [réduction par utilisation de la règle 36 (Exp)]
    tMUL      [réduction par utilisation de la règle 36 (Exp)]
    tDIV      [réduction par utilisation de la règle 36 (Exp)]
    $défaut  réduction par utilisation de la règle 36 (Exp)


État 82

   28 Exp: Exp . tMUL Exp
   29    | Exp . tDIV Exp
   30    | Exp . tPLUS Exp
   31    | Exp . tLESS Exp
   32    | Exp . tEQUIV Exp
   33    | Exp . tINF Exp
   34    | Exp . tINFEQ Exp
   34    | Exp tINFEQ Exp .
   35    | Exp . tSUP Exp
   36    | Exp . tSUPEQ Exp

    tPLUS   décalage et aller à l'état 59
    tLESS   décalage et aller à l'état 60
    tEQUIV  décalage et aller à l'état 61
    tSUP    décalage et aller à l'état 62
    tINF    décalage et aller à l'état 63
    tSUPEQ  décalage et aller à l'état 64
    tINFEQ  décalage et aller à l'état 65
    tMUL    décalage et aller à l'état 66
    tDIV    décalage et aller à l'état 67

    tPLUS     [réduction par utilisation de la règle 34 (Exp)]
    tLESS     [réduction par utilisation de la règle 34 (Exp)]
    tEQUIV    [réduction par utilisation de la règle 34 (Exp)]
    tSUP      [réduction par utilisation de la règle 34 (Exp)]
    tINF      [réduction par utilisation de la règle 34 (Exp)]
    tSUPEQ    [réduction par utilisation de la règle 34 (Exp)]
    tINFEQ    [réduction par utilisation de la règle 34 (Exp)]
    tMUL      [réduction par utilisation de la règle 34 (Exp)]
    tDIV      [réduction par utilisation de la règle 34 (Exp)]
    $défaut  réduction par utilisation de la règle 34 (Exp)


État 83

   28 Exp: Exp . tMUL Exp
   28    | Exp tMUL Exp .
   29    | Exp . tDIV Exp
   30    | Exp . tPLUS Exp
   31    | Exp . tLESS Exp
   32    | Exp . tEQUIV Exp
   33    | Exp . tINF Exp
   34    | Exp . tINFEQ Exp
   35    | Exp . tSUP Exp
   36    | Exp . tSUPEQ Exp

    tEQUIV  décalage et aller à l'état 61
    tSUP    décalage et aller à l'état 62
    tINF    décalage et aller à l'état 63
    tSUPEQ  décalage et aller à l'état 64
    tINFEQ  décalage et aller à l'état 65

    tEQUIV    [réduction par utilisation de la règle 28 (Exp)]
    tSUP      [réduction par utilisation de la règle 28 (Exp)]
    tINF      [réduction par utilisation de la règle 28 (Exp)]
    tSUPEQ    [réduction par utilisation de la règle 28 (Exp)]
    tINFEQ    [réduction par utilisation de la règle 28 (Exp)]
    $défaut  réduction par utilisation de la règle 28 (Exp)


État 84

   28 Exp: Exp . tMUL Exp
   29    | Exp . tDIV Exp
   29    | Exp tDIV Exp .
   30    | Exp . tPLUS Exp
   31    | Exp . tLESS Exp
   32    | Exp . tEQUIV Exp
   33    | Exp . tINF Exp
   34    | Exp . tINFEQ Exp
   35    | Exp . tSUP Exp
   36    | Exp . tSUPEQ Exp

    tEQUIV  décalage et aller à l'état 61
    tSUP    décalage et aller à l'état 62
    tINF    décalage et aller à l'état 63
    tSUPEQ  décalage et aller à l'état 64
    tINFEQ  décalage et aller à l'état 65

    tEQUIV    [réduction par utilisation de la règle 29 (Exp)]
    tSUP      [réduction par utilisation de la règle 29 (Exp)]
    tINF      [réduction par utilisation de la règle 29 (Exp)]
    tSUPEQ    [réduction par utilisation de la règle 29 (Exp)]
    tINFEQ    [réduction par utilisation de la règle 29 (Exp)]
    $défaut  réduction par utilisation de la règle 29 (Exp)


État 85

   42 If: tIF tPARO Exp tPARF XIF . Body
   44   | tIF tPARO Exp tPARF XIF . Body tELSE $@2 Body

    tACCO  décalage et aller à l'état 17

    Body  aller à l'état 89


État 86

   47 While: tWHILE $@3 tPARO Exp tPARF . $@4 Body

    $défaut  réduction par utilisation de la règle 46 ($@4)

    $@4  aller à l'état 90


État 87

   48 Printf: tPRINTF tPARO tVAR tPARF tPV .

    $défaut  réduction par utilisation de la règle 48 (Printf)


État 88

   24 SuiteListVars: tVIRG Var SuiteListVars .

    $défaut  réduction par utilisation de la règle 24 (SuiteListVars)


État 89

   42 If: tIF tPARO Exp tPARF XIF Body .
   44   | tIF tPARO Exp tPARF XIF Body . tELSE $@2 Body

    tELSE  décalage et aller à l'état 91

    $défaut  réduction par utilisation de la règle 42 (If)


État 90

   47 While: tWHILE $@3 tPARO Exp tPARF $@4 . Body

    tACCO  décalage et aller à l'état 17

    Body  aller à l'état 92


État 91

   44 If: tIF tPARO Exp tPARF XIF Body tELSE . $@2 Body

    $défaut  réduction par utilisation de la règle 43 ($@2)

    $@2  aller à l'état 93


État 92

   47 While: tWHILE $@3 tPARO Exp tPARF $@4 Body .

    $défaut  réduction par utilisation de la règle 47 (While)


État 93

   44 If: tIF tPARO Exp tPARF XIF Body tELSE $@2 . Body

    tACCO  décalage et aller à l'état 17

    Body  aller à l'état 94


État 94

   44 If: tIF tPARO Exp tPARF XIF Body tELSE $@2 Body .

    $défaut  réduction par utilisation de la règle 44 (If)
